2022-10-03 13:27:22 INFO  EmployeeData:16 - ******Started TC001_GetAllDetails******
  2022-10-03 13:27:30 INFO  EmployeeData:25 - Status Code -> 200
  2022-10-03 13:27:30 INFO  EmployeeData:32 - F****************inished TC001_GetAllDetails************* 
  2022-10-03 13:34:41 INFO  EmployeeData:16 - ******Started TC001_GetAllDetails******
  2022-10-03 13:34:45 INFO  EmployeeData:24 - Checking Status Code
  2022-10-03 13:34:45 INFO  EmployeeData:26 - Status Code -> 200
  2022-10-03 13:34:45 INFO  EmployeeData:33 - ****************Finished TC001_GetAllDetails************* 
  2022-10-03 14:29:40 INFO  EmployeeData:16 - ****** TC002_GetEmployeeData Started************
  2022-10-03 14:31:07 INFO  EmployeeData:16 - ******Started TC001_GetAllDetails******
  2022-10-03 14:31:10 INFO  EmployeeData:24 - Checking Status Code
  2022-10-03 14:31:10 INFO  EmployeeData:26 - Status Code -> 200
  2022-10-03 14:31:10 INFO  EmployeeData:33 - ****************Finished TC001_GetAllDetails************* 
  2022-10-03 14:31:19 INFO  EmployeeData:16 - ****** TC002_GetEmployeeData Started************
  2022-10-03 14:34:47 INFO  EmployeeData:16 - ****** TC002_GetEmployeeData Started************
  2022-10-03 14:36:28 INFO  EmployeeData:16 - ****** TC002_GetEmployeeData Started************
  2022-10-03 14:38:16 INFO  EmployeeData:16 - ****** TC002_GetEmployeeData Started************
  2022-10-03 14:39:02 INFO  EmployeeData:16 - ****** TC002_GetEmployeeData Started************
  2022-10-03 14:39:35 INFO  EmployeeData:16 - ******Started TC001_GetAllDetails******
  2022-10-03 14:39:38 INFO  EmployeeData:24 - Checking Status Code
  2022-10-03 14:39:38 INFO  EmployeeData:26 - Status Code -> 200
  2022-10-03 14:39:38 INFO  EmployeeData:33 - ****************Finished TC001_GetAllDetails************* 
  2022-10-03 14:40:51 INFO  EmployeeData:16 - ****** TC002_GetEmployeeData Started************
  2022-10-03 14:40:54 INFO  EmployeeData:24 - Fetching Data from Server for Eompoyee ID: 1
  2022-10-03 14:40:54 INFO  EmployeeData:31 - Getting Status Code
  2022-10-03 14:40:54 INFO  EmployeeData:33 - Status Code ->200
  2022-10-03 14:49:07 INFO  EmployeeData:18 - ****** TC002_GetEmployeeData Started************
  2022-10-03 14:49:11 INFO  EmployeeData:41 - Extracting data from JSON
  2022-10-03 14:49:11 INFO  EmployeeData:26 - Fetching Data from Server for Eompoyee ID: 1
  2022-10-03 14:49:11 INFO  EmployeeData:33 - Getting Status Code
  2022-10-03 14:49:11 INFO  EmployeeData:35 - Status Code ->200
  2022-10-03 14:50:04 INFO  EmployeeData:18 - ****** TC002_GetEmployeeData Started************
  2022-10-03 14:50:07 INFO  EmployeeData:41 - Extracting data from JSON
  2022-10-03 14:50:07 INFO  EmployeeData:26 - Fetching Data from Server for Eompoyee ID: 1
  2022-10-03 14:50:07 INFO  EmployeeData:33 - Getting Status Code
  2022-10-03 14:50:07 INFO  EmployeeData:35 - Status Code ->200
  2022-10-03 14:56:53 INFO  EmployeeData:18 - ****** TC002_GetEmployeeData Started************
  2022-10-03 14:56:57 INFO  EmployeeData:41 - Extracting data from JSON
  2022-10-03 14:56:57 INFO  EmployeeData:26 - Fetching Data from Server for Eompoyee ID: 1
  2022-10-03 14:56:57 INFO  EmployeeData:33 - Getting Status Code
  2022-10-03 14:56:57 INFO  EmployeeData:35 - Status Code ->200
  2022-10-04 09:41:08 INFO  EmployeeData:19 - *************TC03_Post Request is started***************
  2022-10-04 09:41:09 INFO  EmployeeData:27 - Data Added
  2022-10-04 09:41:12 INFO  EmployeeData:33 - Request Posted
  2022-10-04 09:41:12 INFO  EmployeeData:40 - Status Code for Post Request ->201
  2022-10-04 09:41:12 INFO  EmployeeData:46 - TC03 Post Request is Completed
  2022-10-04 09:42:02 INFO  EmployeeData:19 - *************TC03_Post Request is started***************
  2022-10-04 09:42:03 INFO  EmployeeData:27 - Data AddedTesterXl->89
  2022-10-04 09:42:06 INFO  EmployeeData:33 - Request Posted
  2022-10-04 09:42:06 INFO  EmployeeData:40 - Status Code for Post Request ->201
  2022-10-04 09:42:06 INFO  EmployeeData:46 - TC03 Post Request is Completed
  2022-10-04 09:42:21 INFO  EmployeeData:19 - *************TC03_Post Request is started***************
  2022-10-04 09:42:22 INFO  EmployeeData:27 - Data Added->TesterbI->84
  2022-10-04 09:42:25 INFO  EmployeeData:33 - Request Posted
  2022-10-04 09:42:25 INFO  EmployeeData:40 - Status Code for Post Request ->201
  2022-10-04 09:42:25 INFO  EmployeeData:46 - TC03 Post Request is Completed
  2022-10-04 09:49:06 INFO  EmployeeData:22 - *************TC03_Post Request is started***************
  2022-10-04 09:49:07 INFO  EmployeeData:30 - Data Added->Testerqr->13
  2022-10-04 09:49:10 INFO  EmployeeData:36 - Request Posted
  2022-10-04 09:49:10 INFO  EmployeeData:43 - Status Code for Post Request ->201
  2022-10-04 09:49:11 INFO  EmployeeData:56 - TC03 Post Request is Completed
  2022-10-04 12:02:15 INFO  EmployeeData:16 - ******Started TC001_GetAllDetails******
  2022-10-04 12:02:19 INFO  EmployeeData:24 - Checking Status Code
  2022-10-04 12:02:19 INFO  EmployeeData:26 - Status Code -> 200
  2022-10-04 12:02:19 INFO  EmployeeData:33 - ****************Finished TC001_GetAllDetails************* 
  2022-10-04 12:02:19 INFO  EmployeeData:19 - ****** TC002_GetEmployeeData Started************
  2022-10-04 12:02:19 INFO  EmployeeData:42 - Extracting data from JSON
  2022-10-04 12:02:20 INFO  EmployeeData:27 - Fetching Data from Server for Eompoyee ID: 1
  2022-10-04 12:02:20 INFO  EmployeeData:34 - Getting Status Code
  2022-10-04 12:02:20 INFO  EmployeeData:36 - Status Code ->200
  2022-10-04 12:02:20 INFO  EmployeeData:52 - TC002 Completed
  2022-10-04 12:02:20 INFO  EmployeeData:22 - *************TC03_Post Request is started***************
  2022-10-04 12:02:20 INFO  EmployeeData:30 - Data Added->TesterWN->03
  2022-10-04 12:02:20 INFO  EmployeeData:36 - Request Posted
  2022-10-04 12:02:20 INFO  EmployeeData:43 - Status Code for Post Request ->201
  2022-10-04 12:02:20 INFO  EmployeeData:49 - Validating Response body
  2022-10-04 12:02:20 INFO  EmployeeData:56 - TC03 Post Request is Completed
  2022-10-04 12:59:16 INFO  EmployeeData:16 - ******Started TC001_GetAllDetails******
  2022-10-04 12:59:23 INFO  EmployeeData:24 - Checking Status Code
  2022-10-04 12:59:23 INFO  EmployeeData:26 - Status Code -> 200
  2022-10-04 12:59:23 INFO  EmployeeData:33 - ****************Finished TC001_GetAllDetails************* 
  2022-10-04 12:59:23 INFO  EmployeeData:19 - ****** TC002_GetEmployeeData Started************
  2022-10-04 12:59:23 INFO  EmployeeData:42 - Extracting data from JSON
  2022-10-04 12:59:23 INFO  EmployeeData:27 - Fetching Data from Server for Eompoyee ID: 1
  2022-10-04 12:59:23 INFO  EmployeeData:34 - Getting Status Code
  2022-10-04 12:59:23 INFO  EmployeeData:36 - Status Code ->200
  2022-10-04 12:59:23 INFO  EmployeeData:52 - TC002 Completed
  2022-10-04 12:59:23 INFO  EmployeeData:22 - *************TC03_Post Request is started***************
  2022-10-04 12:59:23 INFO  EmployeeData:30 - Data Added->TesterrB->65
  2022-10-04 12:59:24 INFO  EmployeeData:36 - Request Posted
  2022-10-04 12:59:24 INFO  EmployeeData:43 - Status Code for Post Request ->201
  2022-10-04 12:59:24 INFO  EmployeeData:49 - Validating Response body
  2022-10-04 12:59:24 INFO  EmployeeData:56 - TC03 Post Request is Completed
  2022-10-05 10:15:01 INFO  EmployeeData:16 - ******Started TC001_GetAllDetails******
  2022-10-05 10:15:32 INFO  EmployeeData:16 - ******Started TC001_GetAllDetails******
  2022-10-05 10:15:42 INFO  EmployeeData:24 - Checking Status Code
  2022-10-05 10:15:42 INFO  EmployeeData:26 - Status Code -> 200
  2022-10-05 10:15:42 INFO  EmployeeData:33 - ****************Finished TC001_GetAllDetails************* 
  2022-10-05 10:15:42 INFO  EmployeeData:19 - ****** TC002_GetEmployeeData Started************
  2022-10-05 10:15:43 INFO  EmployeeData:42 - Extracting data from JSON
  2022-10-05 10:15:43 INFO  EmployeeData:27 - Fetching Data from Server for Eompoyee ID: 1
  2022-10-05 10:15:43 INFO  EmployeeData:34 - Getting Status Code
  2022-10-05 10:15:43 INFO  EmployeeData:36 - Status Code ->200
  2022-10-05 10:15:43 INFO  EmployeeData:52 - TC002 Completed
  2022-10-05 10:15:43 INFO  EmployeeData:22 - *************TC03_Post Request is started***************
  2022-10-05 10:15:43 INFO  EmployeeData:30 - Data Added->TesterMC->22
  2022-10-05 10:15:44 INFO  EmployeeData:36 - Request Posted
  2022-10-05 10:15:44 INFO  EmployeeData:43 - Status Code for Post Request ->201
  2022-10-05 10:15:44 INFO  EmployeeData:49 - Validating Response body
  2022-10-05 10:15:44 INFO  EmployeeData:56 - TC03 Post Request is Completed
  2022-10-05 10:24:48 INFO  EmployeeData:16 - ******Started TC001_GetAllDetails******
  2022-10-05 10:24:51 INFO  EmployeeData:24 - Checking Status Code
  2022-10-05 10:24:51 INFO  EmployeeData:26 - Status Code -> 200
  2022-10-05 10:24:51 INFO  EmployeeData:33 - ****************Finished TC001_GetAllDetails************* 
  2022-10-05 10:24:51 INFO  EmployeeData:19 - ****** TC002_GetEmployeeData Started************
  2022-10-05 10:24:51 INFO  EmployeeData:42 - Extracting data from JSON
  2022-10-05 10:24:51 INFO  EmployeeData:27 - Fetching Data from Server for Eompoyee ID: 1
  2022-10-05 10:24:51 INFO  EmployeeData:34 - Getting Status Code
  2022-10-05 10:24:51 INFO  EmployeeData:36 - Status Code ->200
  2022-10-05 10:24:51 INFO  EmployeeData:52 - TC002 Completed
  2022-10-05 10:24:51 INFO  EmployeeData:22 - *************TC03_Post Request is started***************
  2022-10-05 10:24:51 INFO  EmployeeData:30 - Data Added->Testervr->05
  2022-10-05 10:24:52 INFO  EmployeeData:36 - Request Posted
  2022-10-05 10:24:52 INFO  EmployeeData:43 - Status Code for Post Request ->201
  2022-10-05 10:24:52 INFO  EmployeeData:49 - Validating Response body
  2022-10-05 10:24:52 INFO  EmployeeData:56 - TC03 Post Request is Completed
  2022-10-05 10:27:54 INFO  EmployeeData:16 - ******Started TC001_GetAllDetails******
  2022-10-05 10:27:58 INFO  EmployeeData:24 - Checking Status Code
  2022-10-05 10:27:58 INFO  EmployeeData:26 - Status Code -> 200
  2022-10-05 10:27:58 INFO  EmployeeData:33 - ****************Finished TC001_GetAllDetails************* 
  2022-10-05 10:27:58 INFO  EmployeeData:19 - ****** TC002_GetEmployeeData Started************
  2022-10-05 10:27:58 INFO  EmployeeData:27 - Fetching Data from Server for Eompoyee ID: 1
  2022-10-05 10:27:58 INFO  EmployeeData:34 - Getting Status Code
  2022-10-05 10:27:58 INFO  EmployeeData:36 - Status Code ->200
  2022-10-05 10:27:58 INFO  EmployeeData:52 - TC002 Completed
  2022-10-05 10:27:58 INFO  EmployeeData:22 - *************TC03_Post Request is started***************
  2022-10-05 10:27:58 INFO  EmployeeData:30 - Data Added->Testerjr->77
  2022-10-05 10:27:59 INFO  EmployeeData:36 - Request Posted
  2022-10-05 10:27:59 INFO  EmployeeData:43 - Status Code for Post Request ->201
  2022-10-05 10:27:59 INFO  EmployeeData:49 - Validating Response body
  2022-10-05 10:27:59 INFO  EmployeeData:56 - TC03 Post Request is Completed
  2022-10-05 14:15:03 INFO  EmployeeData:16 - ******Started TC001_GetAllDetails******
  2022-10-05 14:15:11 INFO  EmployeeData:24 - Checking Status Code
  2022-10-05 14:15:11 INFO  EmployeeData:26 - Status Code -> 200
  2022-10-05 14:15:11 INFO  EmployeeData:33 - ****************Finished TC001_GetAllDetails************* 
  2022-10-05 14:15:11 INFO  EmployeeData:19 - ****** TC002_GetEmployeeData Started************
  2022-10-05 14:15:11 INFO  EmployeeData:27 - Fetching Data from Server for Eompoyee ID: 1
  2022-10-05 14:15:11 INFO  EmployeeData:34 - Getting Status Code
  2022-10-05 14:15:11 INFO  EmployeeData:36 - Status Code ->200
  2022-10-05 14:15:11 INFO  EmployeeData:52 - TC002 Completed
  2022-10-05 14:15:11 INFO  EmployeeData:22 - *************TC03_Post Request is started***************
  2022-10-05 14:15:11 INFO  EmployeeData:30 - Data Added->TesterlP->86
  2022-10-05 14:15:12 INFO  EmployeeData:36 - Request Posted
  2022-10-05 14:15:12 INFO  EmployeeData:43 - Status Code for Post Request ->201
  2022-10-05 14:15:12 INFO  EmployeeData:49 - Validating Response body
  2022-10-05 14:15:12 INFO  EmployeeData:56 - TC03 Post Request is Completed
  2022-10-05 14:26:54 INFO  EmployeeData:16 - ******Started TC001_GetAllDetails******
  2022-10-05 14:26:57 INFO  EmployeeData:24 - Checking Status Code
  2022-10-05 14:26:57 INFO  EmployeeData:26 - Status Code -> 200
  2022-10-05 14:26:57 INFO  EmployeeData:33 - ****************Finished TC001_GetAllDetails************* 
  2022-10-05 14:26:57 INFO  EmployeeData:19 - ****** TC002_GetEmployeeData Started************
  2022-10-05 14:26:57 INFO  EmployeeData:27 - Fetching Data from Server for Eompoyee ID: 1
  2022-10-05 14:26:57 INFO  EmployeeData:34 - Getting Status Code
  2022-10-05 14:26:57 INFO  EmployeeData:36 - Status Code ->200
  2022-10-05 14:26:57 INFO  EmployeeData:52 - TC002 Completed
  2022-10-05 14:26:57 INFO  EmployeeData:22 - *************TC03_Post Request is started***************
  2022-10-05 14:26:57 INFO  EmployeeData:30 - Data Added->TesterpF->15
  2022-10-05 14:26:57 INFO  EmployeeData:36 - Request Posted
  2022-10-05 14:26:57 INFO  EmployeeData:43 - Status Code for Post Request ->201
  2022-10-05 14:26:57 INFO  EmployeeData:49 - Validating Response body
  2022-10-05 14:26:57 INFO  EmployeeData:56 - TC03 Post Request is Completed
  2022-10-05 14:27:56 INFO  EmployeeData:16 - ******Started TC001_GetAllDetails******
  2022-10-05 14:27:58 INFO  EmployeeData:24 - Checking Status Code
  2022-10-05 14:27:58 INFO  EmployeeData:26 - Status Code -> 200
  2022-10-05 14:27:59 INFO  EmployeeData:33 - ****************Finished TC001_GetAllDetails************* 
  2022-10-05 14:27:59 INFO  EmployeeData:19 - ****** TC002_GetEmployeeData Started************
  2022-10-05 14:27:59 INFO  EmployeeData:27 - Fetching Data from Server for Eompoyee ID: 1
  2022-10-05 14:27:59 INFO  EmployeeData:34 - Getting Status Code
  2022-10-05 14:27:59 INFO  EmployeeData:36 - Status Code ->200
  2022-10-05 14:27:59 INFO  EmployeeData:52 - TC002 Completed
  2022-10-05 14:27:59 INFO  EmployeeData:22 - *************TC03_Post Request is started***************
  2022-10-05 14:27:59 INFO  EmployeeData:30 - Data Added->TesternW->19
  2022-10-05 14:27:59 INFO  EmployeeData:36 - Request Posted
  2022-10-05 14:27:59 INFO  EmployeeData:43 - Status Code for Post Request ->201
  2022-10-05 14:27:59 INFO  EmployeeData:49 - Validating Response body
  2022-10-05 14:27:59 INFO  EmployeeData:56 - TC03 Post Request is Completed
  2022-10-06 12:04:45 INFO  EmployeeData:16 - ******Started TC001_GetAllDetails******
  2022-10-06 12:04:49 INFO  EmployeeData:24 - Checking Status Code
  2022-10-06 12:04:49 INFO  EmployeeData:26 - Status Code -> 200
  2022-10-06 12:04:49 INFO  EmployeeData:33 - ****************Finished TC001_GetAllDetails************* 
  2022-10-06 12:04:49 INFO  EmployeeData:19 - ****** TC002_GetEmployeeData Started************
  2022-10-06 12:04:50 INFO  EmployeeData:27 - Fetching Data from Server for Eompoyee ID: 1
  2022-10-06 12:04:50 INFO  EmployeeData:34 - Getting Status Code
  2022-10-06 12:04:50 INFO  EmployeeData:36 - Status Code ->200
  2022-10-06 12:04:50 INFO  EmployeeData:52 - TC002 Completed
  2022-10-06 12:04:50 INFO  EmployeeData:22 - *************TC03_Post Request is started***************
  2022-10-06 12:04:50 INFO  EmployeeData:30 - Data Added->TesteroS->69
  2022-10-06 12:04:50 INFO  EmployeeData:36 - Request Posted
  2022-10-06 12:04:50 INFO  EmployeeData:43 - Status Code for Post Request ->201
  2022-10-06 12:04:50 INFO  EmployeeData:49 - Validating Response body
  2022-10-06 12:04:50 INFO  EmployeeData:56 - TC03 Post Request is Completed
  2022-10-06 12:06:02 INFO  EmployeeData:16 - ******Started TC001_GetAllDetails******
  2022-10-06 12:06:05 INFO  EmployeeData:24 - Checking Status Code
  2022-10-06 12:06:05 INFO  EmployeeData:26 - Status Code -> 200
  2022-10-06 12:06:05 INFO  EmployeeData:33 - ****************Finished TC001_GetAllDetails************* 
  2022-10-06 12:06:05 INFO  EmployeeData:19 - ****** TC002_GetEmployeeData Started************
  2022-10-06 12:06:05 INFO  EmployeeData:27 - Fetching Data from Server for Eompoyee ID: 1
  2022-10-06 12:06:05 INFO  EmployeeData:34 - Getting Status Code
  2022-10-06 12:06:05 INFO  EmployeeData:36 - Status Code ->200
  2022-10-06 12:06:05 INFO  EmployeeData:52 - TC002 Completed
  2022-10-06 12:06:05 INFO  EmployeeData:22 - *************TC03_Post Request is started***************
  2022-10-06 12:06:05 INFO  EmployeeData:30 - Data Added->TesteroN->40
  2022-10-06 12:06:06 INFO  EmployeeData:36 - Request Posted
  2022-10-06 12:06:06 INFO  EmployeeData:43 - Status Code for Post Request ->201
  2022-10-06 12:06:06 INFO  EmployeeData:49 - Validating Response body
  2022-10-06 12:06:06 INFO  EmployeeData:56 - TC03 Post Request is Completed
  